<?xml version="1.0" encoding="UTF-8"?>
<testsuite xmlns:xsi="http://www.w3.org/2001/XMLSchema-instance" xsi:noNamespaceSchemaLocation="https://maven.apache.org/surefire/maven-surefire-plugin/xsd/surefire-test-report-3.0.xsd" version="3.0" name="com.star.agile.assignment.springbootdemo.SpringbootDemoApplicationTests" time="10.878" tests="1" errors="0" skipped="0" failures="0">
  <properties>
[...]
</properties>
  <testcase name="contextLoads" classname="com.star.agile.assignment.springbootdemo.SpringbootDemoApplicationTests" time="2.733">
    <system-out><![CDATA[05:23:00.890 [main] INFO org.springframework.test.context.support.AnnotationConfigContextLoaderUtils -- Could not detect default configuration classes for test class [com.star.agile.assignment.springbootdemo.SpringbootDemoApplicationTests]: SpringbootDemoApplicationTests does not declare any static, non-private, non-final, nested classes annotated with @Configuration.
05:23:01.170 [main] INFO org.springframework.boot.test.context.SpringBootTestContextBootstrapper -- Found @SpringBootConfiguration com.star.agile.assignment.springbootdemo.SpringbootDemoApplication for test class com.star.agile.assignment.springbootdemo.SpringbootDemoApplicationTests

  .   ____          _            __ _ _
 /\\ / ___'_ __ _ _(_)_ __  __ _ \ \ \ \
( ( )\___ | '_ | '_| | '_ \/ _` | \ \ \ \
 \\/  ___)| |_)| | | | | || (_| |  ) ) ) )
  '  |____| .__|_| |_|_| |_\__, | / / / /
 =========|_|==============|___/=/_/_/_/
 :: Spring Boot ::                (v3.2.3)

2024-03-19T05:23:02.056+05:30  INFO 29676 --- [springboot-demo] [           main] c.s.a.a.s.SpringbootDemoApplicationTests : Starting SpringbootDemoApplicationTests using Java 17.0.9 with PID 29676 (started by Venugopal in C:\Users\Venugopal\Downloads\springboot-demo)
2024-03-19T05:23:02.062+05:30  INFO 29676 --- [springboot-demo] [           main] c.s.a.a.s.SpringbootDemoApplicationTests : No active profile set, falling back to 1 default profile: "default"
2024-03-19T05:23:03.663+05:30  INFO 29676 --- [springboot-demo] [           main] .s.d.r.c.RepositoryConfigurationDelegate : Bootstrapping Spring Data JPA repositories in DEFAULT mode.
2024-03-19T05:23:03.703+05:30  INFO 29676 --- [springboot-demo] [           main] .s.d.r.c.RepositoryConfigurationDelegate : Finished Spring Data repository scanning in 23 ms. Found 0 JPA repository interfaces.
2024-03-19T05:23:04.923+05:30  INFO 29676 --- [springboot-demo] [           main] com.zaxxer.hikari.HikariDataSource       : HikariPool-1 - Starting...
2024-03-19T05:23:05.324+05:30  INFO 29676 --- [springboot-demo] [           main] com.zaxxer.hikari.pool.HikariPool        : HikariPool-1 - Added connection conn0: url=jdbc:h2:mem:3bf27f68-09f6-493b-b5e3-ab95321b21be user=SA
2024-03-19T05:23:05.326+05:30  INFO 29676 --- [springboot-demo] [           main] com.zaxxer.hikari.HikariDataSource       : HikariPool-1 - Start completed.
2024-03-19T05:23:05.453+05:30  INFO 29676 --- [springboot-demo] [           main] o.hibernate.jpa.internal.util.LogHelper  : HHH000204: Processing PersistenceUnitInfo [name: default]
2024-03-19T05:23:05.648+05:30  INFO 29676 --- [springboot-demo] [           main] org.hibernate.Version                    : HHH000412: Hibernate ORM core version 6.4.4.Final
2024-03-19T05:23:05.812+05:30  INFO 29676 --- [springboot-demo] [           main] o.h.c.internal.RegionFactoryInitiator    : HHH000026: Second-level cache disabled
2024-03-19T05:23:06.360+05:30  INFO 29676 --- [springboot-demo] [           main] o.s.o.j.p.SpringPersistenceUnitInfo      : No LoadTimeWeaver setup: ignoring JPA class transformer
2024-03-19T05:23:07.202+05:30  INFO 29676 --- [springboot-demo] [           main] o.h.e.t.j.p.i.JtaPlatformInitiator       : HHH000489: No JTA platform available (set 'hibernate.transaction.jta.platform' to enable JTA platform integration)
2024-03-19T05:23:07.217+05:30  INFO 29676 --- [springboot-demo] [           main] j.LocalContainerEntityManagerFactoryBean : Initialized JPA EntityManagerFactory for persistence unit 'default'
2024-03-19T05:23:07.558+05:30  WARN 29676 --- [springboot-demo] [           main] JpaBaseConfiguration$JpaWebConfiguration : spring.jpa.open-in-view is enabled by default. Therefore, database queries may be performed during view rendering. Explicitly configure spring.jpa.open-in-view to disable this warning
2024-03-19T05:23:07.616+05:30  INFO 29676 --- [springboot-demo] [           main] o.s.b.a.w.s.WelcomePageHandlerMapping    : Adding welcome page: class path resource [static/index.html]
2024-03-19T05:23:08.600+05:30  INFO 29676 --- [springboot-demo] [           main] c.s.a.a.s.SpringbootDemoApplicationTests : Started SpringbootDemoApplicationTests in 7.072 seconds (process running for 9.24)
]]></system-out>
  </testcase>
</testsuite>